<?xml version="1.0" encoding="UTF-8"?>
<!-- Generated by org.testng.reporters.JUnitReportReporter -->
<testsuite skipped="0" hostname="DESKTOP-M0UH53U" name="com.itview.testng.LoginOpenMRS" tests="1" failures="0" timestamp="2023-02-25T13:17:17 IST" time="9.836" errors="0">
  <testcase name="loginOpenMRS_Admin" time="9.836" classname="com.itview.testng.LoginOpenMRS"/>
  <system-out/>
</testsuite> <!-- com.itview.testng.LoginOpenMRS -->
