<?xml version="1.0" encoding="UTF-8"?>
<!-- Generated by org.testng.reporters.JUnitReportReporter -->
<testsuite skipped="0" hostname="DESKTOP-M0UH53U" name="com.itview.webobject.Code_For_WindowTab_8" tests="1" failures="0" timestamp="2023-03-18T12:00:10 IST" time="11.561" errors="0">
  <testcase name="tabFlipkart" time="11.561" classname="com.itview.webobject.Code_For_WindowTab_8"/>
  <system-out/>
</testsuite> <!-- com.itview.webobject.Code_For_WindowTab_8 -->
