<?xml version="1.0" encoding="UTF-8"?>
<!-- Generated by org.testng.reporters.JUnitReportReporter -->
<testsuite skipped="0" hostname="DESKTOP-M0UH53U" name="com.itview.webobject.Code_For_Alert_2" tests="1" failures="0" timestamp="2023-03-05T10:47:03 IST" time="11.842" errors="0">
  <testcase name="Code_For_Alert_Test" time="11.842" classname="com.itview.webobject.Code_For_Alert_2"/>
  <system-out/>
</testsuite> <!-- com.itview.webobject.Code_For_Alert_2 -->
