<?xml version="1.0" encoding="UTF-8"?>
<!-- Generated by org.testng.reporters.JUnitReportReporter -->
<testsuite skipped="0" hostname="DESKTOP-M0UH53U" name="com.itview.webobject.Code_For_KeyboardHandle_6" tests="1" failures="0" timestamp="2023-03-18T10:48:11 IST" time="86.898" errors="0">
  <testcase name="Code_For_KeyboardHandle_Test" time="86.898" classname="com.itview.webobject.Code_For_KeyboardHandle_6"/>
  <system-out/>
</testsuite> <!-- com.itview.webobject.Code_For_KeyboardHandle_6 -->
