<?xml version="1.0" encoding="UTF-8"?>
<!-- Generated by org.testng.reporters.JUnitReportReporter -->
<testsuite skipped="0" hostname="DESKTOP-M0UH53U" name="com.itview.testng.CrossBrowserCode" tests="3" failures="0" timestamp="2023-02-26T12:27:41 IST" time="46.675" errors="0">
  <testcase name="chromeBrowser" time="13.219" classname="com.itview.testng.CrossBrowserCode"/>
  <system-out/>
  <testcase name="firefoxBrowser" time="23.125" classname="com.itview.testng.CrossBrowserCode"/>
  <system-out/>
  <testcase name="edgeBrowser" time="10.331" classname="com.itview.testng.CrossBrowserCode"/>
  <system-out/>
</testsuite> <!-- com.itview.testng.CrossBrowserCode -->
