<?xml version="1.0" encoding="UTF-8"?>
<!-- Generated by org.testng.reporters.JUnitReportReporter -->
<testsuite skipped="0" hostname="DESKTOP-M0UH53U" name="com.itview.testng.LoginTest" tests="3" failures="0" timestamp="2023-02-25T11:53:46 IST" time="18.130" errors="0">
  <testcase name="loginJsmith" time="7.551" classname="com.itview.testng.LoginTest"/>
  <system-out/>
  <testcase name="loginTestUser" time="5.348" classname="com.itview.testng.LoginTest"/>
  <system-out/>
  <testcase name="loginAdmin" time="5.231" classname="com.itview.testng.LoginTest"/>
  <system-out/>
</testsuite> <!-- com.itview.testng.LoginTest -->
