<?xml version="1.0" encoding="UTF-8"?>
<!-- Generated by org.testng.reporters.JUnitReportReporter -->
<testsuite skipped="0" hostname="DESKTOP-M0UH53U" name="com.itview.webobject.Code_For_navigate_4" tests="1" failures="0" timestamp="2023-03-05T11:05:20 IST" time="23.566" errors="0">
  <testcase name="Code_For_navigate" time="23.566" classname="com.itview.webobject.Code_For_navigate_4"/>
  <system-out/>
</testsuite> <!-- com.itview.webobject.Code_For_navigate_4 -->
