<?xml version="1.0" encoding="UTF-8"?>
<!-- Generated by org.testng.reporters.JUnitReportReporter -->
<testsuite skipped="0" hostname="DESKTOP-M0UH53U" name="com.itview.testng.BasicWebObject" tests="3" failures="0" timestamp="2023-03-04T11:57:15 IST" time="2.556" errors="0">
  <testcase name="validate_textBox" time="1.013" classname="com.itview.testng.BasicWebObject"/>
  <system-out/>
  <testcase name="validate_checkbox_radiobutton" time="0.259" classname="com.itview.testng.BasicWebObject"/>
  <system-out/>
  <testcase name="validate_drop_down" time="1.284" classname="com.itview.testng.BasicWebObject"/>
  <system-out/>
</testsuite> <!-- com.itview.testng.BasicWebObject -->
