<?xml version="1.0" encoding="UTF-8"?>
<!-- Generated by org.testng.reporters.JUnitReportReporter -->
<testsuite skipped="0" hostname="DESKTOP-M0UH53U" name="com.itview.webobject.Code_For_Screenshot_10" tests="1" failures="0" timestamp="2023-03-18T12:34:57 IST" time="6.172" errors="0">
  <testcase name="Code_For_Screenshot" time="6.172" classname="com.itview.webobject.Code_For_Screenshot_10"/>
  <system-out/>
</testsuite> <!-- com.itview.webobject.Code_For_Screenshot_10 -->
