<?xml version="1.0" encoding="UTF-8"?>
<!-- Generated by org.testng.reporters.JUnitReportReporter -->
<testsuite skipped="0" hostname="DESKTOP-M0UH53U" name="com.itview.webobject.Code_For_JavaScriptExecutor_9" tests="1" failures="0" timestamp="2023-03-18T12:23:42 IST" time="29.173" errors="0">
  <testcase name="Code_For_JavaScriptExecutor_Test" time="29.173" classname="com.itview.webobject.Code_For_JavaScriptExecutor_9"/>
  <system-out/>
</testsuite> <!-- com.itview.webobject.Code_For_JavaScriptExecutor_9 -->
