<?xml version="1.0" encoding="UTF-8"?>
<!-- Generated by org.testng.reporters.JUnitReportReporter -->
<testsuite skipped="0" hostname="DESKTOP-M0UH53U" name="com.itview.testng.AllAnnotations" tests="3" failures="0" timestamp="2023-02-26T12:36:52 IST" time="0.014" errors="0">
  <testcase name="Test1" time="0.005" classname="com.itview.testng.AllAnnotations"/>
  <system-out/>
  <testcase name="Test2" time="0.007" classname="com.itview.testng.AllAnnotations"/>
  <system-out/>
  <testcase name="Test3" time="0.002" classname="com.itview.testng.AllAnnotations"/>
  <system-out/>
</testsuite> <!-- com.itview.testng.AllAnnotations -->
