<?xml version="1.0" encoding="UTF-8"?>
<!-- Generated by org.testng.reporters.JUnitReportReporter -->
<testsuite skipped="0" hostname="DESKTOP-M0UH53U" name="com.itview.testcases.CarHomeEMI_Test" tests="1" failures="0" timestamp="2023-03-19T13:01:55 IST" time="5.510" errors="0">
  <testcase name="oneLakhLoanAmount" time="5.510" classname="com.itview.testcases.CarHomeEMI_Test"/>
  <system-out/>
</testsuite> <!-- com.itview.testcases.CarHomeEMI_Test -->
