<?xml version="1.0" encoding="UTF-8"?>
<!-- Generated by org.testng.reporters.JUnitReportReporter -->
<testsuite skipped="0" hostname="DESKTOP-M0UH53U" name="com.itview.webobject.Code_For_IFrame_3" tests="1" failures="0" timestamp="2023-03-05T10:56:06 IST" time="6.543" errors="0">
  <testcase name="Code_For_IFrame_Test" time="6.543" classname="com.itview.webobject.Code_For_IFrame_3"/>
  <system-out/>
</testsuite> <!-- com.itview.webobject.Code_For_IFrame_3 -->
