<?xml version="1.0" encoding="UTF-8"?>
<!-- Generated by org.testng.reporters.JUnitReportReporter -->
<testsuite skipped="0" hostname="DESKTOP-M0UH53U" name="com.itview.testcases.DataDriven_FD_DataProvider" tests="3" failures="0" timestamp="2023-03-25T12:44:11 IST" time="22.696" errors="0">
  <testcase name="f" time="6.092" classname="com.itview.testcases.DataDriven_FD_DataProvider"/>
  <system-out/>
  <testcase name="f" time="10.657" classname="com.itview.testcases.DataDriven_FD_DataProvider"/>
  <system-out/>
  <testcase name="f" time="5.947" classname="com.itview.testcases.DataDriven_FD_DataProvider"/>
  <system-out/>
</testsuite> <!-- com.itview.testcases.DataDriven_FD_DataProvider -->
