<?xml version="1.0" encoding="UTF-8"?>
<!-- Generated by org.testng.reporters.JUnitReportReporter -->
<testsuite skipped="0" hostname="DESKTOP-M0UH53U" name="com.itview.webobject.Code_For_CountElements_1" tests="1" failures="0" timestamp="2023-03-05T10:32:26 IST" time="7.483" errors="0">
  <testcase name="CountWebElement" time="7.483" classname="com.itview.webobject.Code_For_CountElements_1"/>
  <system-out/>
</testsuite> <!-- com.itview.webobject.Code_For_CountElements_1 -->
