<?xml version="1.0" encoding="UTF-8"?>
<!-- Generated by org.testng.reporters.JUnitReportReporter -->
<testsuite skipped="0" hostname="DESKTOP-M0UH53U" name="com.itview.testng.LoginMutualFund" tests="3" failures="0" timestamp="2023-02-25T13:17:17 IST" time="16.469" errors="0">
  <testcase name="loginAdmin" time="6.658" classname="com.itview.testng.LoginMutualFund"/>
  <system-out/>
  <testcase name="loginTestUser" time="4.917" classname="com.itview.testng.LoginMutualFund"/>
  <system-out/>
  <testcase name="loginJsmith" time="4.894" classname="com.itview.testng.LoginMutualFund"/>
  <system-out/>
</testsuite> <!-- com.itview.testng.LoginMutualFund -->
